2025-11-19T00:11:31.824Z - GET /books /books   2025-11-19T00:11:47.607Z - GET /books/1 /books/1   2025-11-19T01:00:51.326Z - GET / /  
 undefined 
 17635140513262025-11-19T01:01:00.135Z - GET /books /books  
 undefined 
 17635140601352025-11-19T01:01:00.160Z - GET /favicon.ico /favicon.ico  
 undefined 
 17635140601602025-11-19T01:20:54.105Z - GET /books /books  
 undefined 
 17635152541062025-11-19T01:22:50.647Z - GET /books /books  
 undefined 
 17635153706482025-11-19T01:23:03.913Z - GET /books/1 /books/1  
 undefined 
 17635153839132025-11-19T01:23:13.427Z - DELETE /books/1 /books/1  
 undefined 
 17635153934272025-11-19T01:23:25.493Z - DELETE /book/1 /book/1  
 undefined 
 17635154054932025-11-19T01:23:52.897Z - DELETE /books/1 /books/1  
 undefined 
 17635154328972025-11-19T01:24:16.096Z - DELETE /books/2 /books/2  
 undefined 
 17635154560962025-11-19T01:25:08.746Z - DELETE /books/2 /books/2  
 undefined 
 17635155087462025-11-19T01:25:49.921Z - POST /books /books  
 {"title":"1984","author":"George Orwell"} 
 17635155499212025-11-19T01:26:43.676Z - POST /books/ /books/  
 {"title":"1984","author":"George Orwell"} 
 17635156036762025-11-19T01:26:51.042Z - POST /books /books  
 {"title":"1984","author":"George Orwell"} 
 17635156110422025-11-19T01:27:31.194Z - DELETE /books/2 /books/2  
 undefined 
 17635156511952025-11-19T01:27:34.815Z - POST /books /books  
 {"title":"1984","author":"George Orwell"} 
 17635156548152025-11-19T01:27:42.392Z - GET /books /books  
 {"title":"1984","author":"George Orwell"} 
 17635156623922025-11-19T01:27:50.443Z - GET /books/1 /books/1  
 {"title":"1984","author":"George Orwell"} 
 17635156704432025-11-19T01:28:29.407Z - POST /books /books  
 {"title":"1984","author":"George Orwell"} 
 17635157094072025-11-19T01:28:44.045Z - GET /books/4 /books/4  
 {"title":"1984","author":"George Orwell"} 
 17635157240452025-11-19T01:29:50.272Z - DELETE /books/2 /books/2  
 undefined 
 17635157902732025-11-19T01:30:21.625Z - PUT /books/2 /books/2  
 {"title":"19877774","author":"George Orwgggell"} 
 17635158216262025-11-19T01:30:32.485Z - GET /books /books  
 {"title":"1984","author":"George Orwell"} 
 17635158324852025-11-19T01:34:07.534Z - DELETE /books/2 /books/2  
 undefined 
 17635160475342025-11-19T01:37:07.369Z - DELETE /books/2 /books/2  
 undefined 
 17635162273702025-11-19T01:54:48.910Z - GET /books /books  
 undefined 
 17635172889102025-11-19T01:54:54.339Z - GET /books/1 /books/1  
 undefined 
 17635172943392025-11-19T01:55:06.440Z - DELETE /books/1 /books/1  
 undefined 
 17635173064402025-11-19T01:55:17.307Z - PUT /books/2 /books/2  
 undefined 
 17635173173072025-11-19T01:55:44.847Z - PUT /books/2 /books/2  
 {"title":"hasssan"} 
 17635173448472025-11-19T01:55:51.576Z - GET /books/2 /books/2  
 {"title":"hasssan"} 
 17635173515762025-11-19T01:56:17.961Z - POST /books/2 /books/2  
 {"id":88,"title":"hasssan"} 
 17635173779612025-11-19T01:56:28.475Z - POST /books /books  
 {"id":88,"title":"hasssan"} 
 17635173884752025-11-19T01:56:58.745Z - POST /books /books  
 {"author":"kk","title":"hasssan"} 
 17635174187452025-11-19T01:57:10.961Z - GET /books/3 /books/3  
 {"author":"kk","title":"hasssan"} 
 17635174309612025-11-19T01:57:21.760Z - GET /books/5 /books/5  
 {"author":"kk","title":"hasssan"} 
 17635174417602025-11-19T01:57:25.692Z - GET /books/4 /books/4  
 {"author":"kk","title":"hasssan"} 
 17635174456922025-11-19T01:57:31.306Z - GET /books/3 /books/3  
 {"author":"kk","title":"hasssan"} 
 17635174513062025-11-19T01:57:34.857Z - GET /books/2 /books/2  
 {"author":"kk","title":"hasssan"} 
 17635174548572025-11-19T01:57:39.324Z - GET /books/1 /books/1  
 {"author":"kk","title":"hasssan"} 
 17635174593242025-11-19T01:58:14.039Z - POST /books/ /books/  
 {"author":"kk","title":"hasssan"} 
 17635174940392025-11-19T01:59:17.005Z - POST /books/ /books/  
 {"title":"mR kk","author":"Ficton"} 
 17635175570052025-11-19T01:59:37.321Z - GET /books/5 /books/5  
 {"title":"mR kk","author":"Ficton"} 
 1763517577321